# JRE version: Java(TM) SE Runtime Environment (8.0_74-b02) (build 1.8.0_74-b02)
# Java VM: Java HotSpot(TM) 64-Bit Server VM (25.74-b02 mixed mode windows-amd64 compressed oops)
Heap:
 PSYoungGen      total 252416K, used 110618K [0x00000000d5f00000, 0x00000000f1280000, 0x0000000100000000)
  eden space 236032K, 46% used [0x00000000d5f00000,0x00000000dcb068a8,0x00000000e4580000)
  from space 16384K, 0% used [0x00000000e4580000,0x00000000e4580000,0x00000000e5580000)
  to   space 16896K, 0% used [0x00000000f0200000,0x00000000f0200000,0x00000000f1280000)
 ParOldGen       total 71680K, used 15678K [0x0000000081c00000, 0x0000000086200000, 0x00000000d5f00000)
  object space 71680K, 21% used [0x0000000081c00000,0x0000000082b4f920,0x0000000086200000)
 Metaspace       used 40712K, capacity 42986K, committed 43352K, reserved 1087488K
  class space    used 5212K, capacity 5637K, committed 5760K, reserved 1048576K
GC Heap History (10 events):
Event: 4.613 GC heap before
{Heap before GC invocations=5 (full 1):
 PSYoungGen      total 138240K, used 5113K [0x00000000d5f00000, 0x00000000deb00000, 0x0000000100000000)
  eden space 133120K, 0% used [0x00000000d5f00000,0x00000000d5f00000,0x00000000de100000)
  from space 5120K, 99% used [0x00000000de600000,0x00000000deafe6e8,0x00000000deb00000)
  to   space 5120K, 0% used [0x00000000de100000,0x00000000de100000,0x00000000de600000)
 ParOldGen       total 87552K, used 6971K [0x0000000081c00000, 0x0000000087180000, 0x00000000d5f00000)
  object space 87552K, 7% used [0x0000000081c00000,0x00000000822cedf0,0x0000000087180000)
 Metaspace       used 20322K, capacity 21202K, committed 21248K, reserved 1067008K
  class space    used 2568K, capacity 2775K, committed 2816K, reserved 1048576K
Event: 4.683 GC heap after
Heap after GC invocations=5 (full 1):
 PSYoungGen      total 138240K, used 0K [0x00000000d5f00000, 0x00000000deb00000, 0x0000000100000000)
  eden space 133120K, 0% used [0x00000000d5f00000,0x00000000d5f00000,0x00000000de100000)
  from space 5120K, 0% used [0x00000000de600000,0x00000000de600000,0x00000000deb00000)
  to   space 5120K, 0% used [0x00000000de100000,0x00000000de100000,0x00000000de600000)
 ParOldGen       total 49664K, used 5416K [0x0000000081c00000, 0x0000000084c80000, 0x00000000d5f00000)
  object space 49664K, 10% used [0x0000000081c00000,0x000000008214a0e8,0x0000000084c80000)
 Metaspace       used 20320K, capacity 21196K, committed 21248K, reserved 1067008K
  class space    used 2568K, capacity 2774K, committed 2816K, reserved 1048576K
}
Event: 6.239 GC heap before
{Heap before GC invocations=6 (full 1):
 PSYoungGen      total 138240K, used 133120K [0x00000000d5f00000, 0x00000000deb00000, 0x0000000100000000)
  eden space 133120K, 100% used [0x00000000d5f00000,0x00000000de100000,0x00000000de100000)
  from space 5120K, 0% used [0x00000000de600000,0x00000000de600000,0x00000000deb00000)
  to   space 5120K, 0% used [0x00000000de100000,0x00000000de100000,0x00000000de600000)
 ParOldGen       total 49664K, used 5416K [0x0000000081c00000, 0x0000000084c80000, 0x00000000d5f00000)
  object space 49664K, 10% used [0x0000000081c00000,0x000000008214a0e8,0x0000000084c80000)
 Metaspace       used 23971K, capacity 25126K, committed 25344K, reserved 1071104K
  class space    used 3033K, capacity 3259K, committed 3328K, reserved 1048576K
Event: 6.258 GC heap after
Heap after GC invocations=6 (full 1):
 PSYoungGen      total 138240K, used 5110K [0x00000000d5f00000, 0x00000000e6400000, 0x0000000100000000)
  eden space 133120K, 0% used [0x00000000d5f00000,0x00000000d5f00000,0x00000000de100000)
  from space 5120K, 99% used [0x00000000de100000,0x00000000de5fd888,0x00000000de600000)
  to   space 13312K, 0% used [0x00000000e5700000,0x00000000e5700000,0x00000000e6400000)
 ParOldGen       total 49664K, used 11835K [0x0000000081c00000, 0x0000000084c80000, 0x00000000d5f00000)
  object space 49664K, 23% used [0x0000000081c00000,0x000000008278ed38,0x0000000084c80000)
 Metaspace       used 23971K, capacity 25126K, committed 25344K, reserved 1071104K
  class space    used 3033K, capacity 3259K, committed 3328K, reserved 1048576K
}
Event: 8.911 GC heap before
{Heap before GC invocations=7 (full 1):
 PSYoungGen      total 138240K, used 138230K [0x00000000d5f00000, 0x00000000e6400000, 0x0000000100000000)
  eden space 133120K, 100% used [0x00000000d5f00000,0x00000000de100000,0x00000000de100000)
  from space 5120K, 99% used [0x00000000de100000,0x00000000de5fd888,0x00000000de600000)
  to   space 13312K, 0% used [0x00000000e5700000,0x00000000e5700000,0x00000000e6400000)
 ParOldGen       total 49664K, used 11835K [0x0000000081c00000, 0x0000000084c80000, 0x00000000d5f00000)
  object space 49664K, 23% used [0x0000000081c00000,0x000000008278ed38,0x0000000084c80000)
 Metaspace       used 31074K, capacity 32874K, committed 33024K, reserved 1077248K
  class space    used 4022K, capacity 4321K, committed 4352K, reserved 1048576K
Event: 8.953 GC heap after
Heap after GC invocations=7 (full 1):
 PSYoungGen      total 249344K, used 13309K [0x00000000d5f00000, 0x00000000e6580000, 0x0000000100000000)
  eden space 236032K, 0% used [0x00000000d5f00000,0x00000000d5f00000,0x00000000e4580000)
  from space 13312K, 99% used [0x00000000e5700000,0x00000000e63ff660,0x00000000e6400000)
  to   space 16384K, 0% used [0x00000000e4580000,0x00000000e4580000,0x00000000e5580000)
 ParOldGen       total 49664K, used 13413K [0x0000000081c00000, 0x0000000084c80000, 0x00000000d5f00000)
  object space 49664K, 27% used [0x0000000081c00000,0x0000000082919568,0x0000000084c80000)
 Metaspace       used 31074K, capacity 32874K, committed 33024K, reserved 1077248K
  class space    used 4022K, capacity 4321K, committed 4352K, reserved 1048576K
}
Event: 9.816 GC heap before
{Heap before GC invocations=8 (full 1):
 PSYoungGen      total 249344K, used 59437K [0x00000000d5f00000, 0x00000000e6580000, 0x0000000100000000)
  eden space 236032K, 19% used [0x00000000d5f00000,0x00000000d8c0c178,0x00000000e4580000)
  from space 13312K, 99% used [0x00000000e5700000,0x00000000e63ff660,0x00000000e6400000)
  to   space 16384K, 0% used [0x00000000e4580000,0x00000000e4580000,0x00000000e5580000)
 ParOldGen       total 49664K, used 13413K [0x0000000081c00000, 0x0000000084c80000, 0x00000000d5f00000)
  object space 49664K, 27% used [0x0000000081c00000,0x0000000082919568,0x0000000084c80000)
 Metaspace       used 33423K, capacity 35388K, committed 35416K, reserved 1079296K
  class space    used 4385K, capacity 4726K, committed 4736K, reserved 1048576K
Event: 9.838 GC heap after
Heap after GC invocations=8 (full 1):
 PSYoungGen      total 252416K, used 11739K [0x00000000d5f00000, 0x00000000f1280000, 0x0000000100000000)
  eden space 236032K, 0% used [0x00000000d5f00000,0x00000000d5f00000,0x00000000e4580000)
  from space 16384K, 71% used [0x00000000e4580000,0x00000000e50f6ee0,0x00000000e5580000)
  to   space 16896K, 0% used [0x00000000f0200000,0x00000000f0200000,0x00000000f1280000)
 ParOldGen       total 49664K, used 13421K [0x0000000081c00000, 0x0000000084c80000, 0x00000000d5f00000)
  object space 49664K, 27% used [0x0000000081c00000,0x000000008291b568,0x0000000084c80000)
 Metaspace       used 33423K, capacity 35388K, committed 35416K, reserved 1079296K
  class space    used 4385K, capacity 4726K, committed 4736K, reserved 1048576K
}
Event: 9.838 GC heap before
{Heap before GC invocations=9 (full 2):
 PSYoungGen      total 252416K, used 11739K [0x00000000d5f00000, 0x00000000f1280000, 0x0000000100000000)
  eden space 236032K, 0% used [0x00000000d5f00000,0x00000000d5f00000,0x00000000e4580000)
  from space 16384K, 71% used [0x00000000e4580000,0x00000000e50f6ee0,0x00000000e5580000)
  to   space 16896K, 0% used [0x00000000f0200000,0x00000000f0200000,0x00000000f1280000)
 ParOldGen       total 49664K, used 13421K [0x0000000081c00000, 0x0000000084c80000, 0x00000000d5f00000)
  object space 49664K, 27% used [0x0000000081c00000,0x000000008291b568,0x0000000084c80000)
 Metaspace       used 33423K, capacity 35388K, committed 35416K, reserved 1079296K
  class space    used 4385K, capacity 4726K, committed 4736K, reserved 1048576K
Event: 9.911 GC heap after
Heap after GC invocations=9 (full 2):
 PSYoungGen      total 252416K, used 0K [0x00000000d5f00000, 0x00000000f1280000, 0x0000000100000000)
  eden space 236032K, 0% used [0x00000000d5f00000,0x00000000d5f00000,0x00000000e4580000)
  from space 16384K, 0% used [0x00000000e4580000,0x00000000e4580000,0x00000000e5580000)
  to   space 16896K, 0% used [0x00000000f0200000,0x00000000f0200000,0x00000000f1280000)
 ParOldGen       total 71680K, used 15678K [0x0000000081c00000, 0x0000000086200000, 0x00000000d5f00000)
  object space 71680K, 21% used [0x0000000081c00000,0x0000000082b4f920,0x0000000086200000)
 Metaspace       used 33423K, capacity 35388K, committed 35416K, reserved 1079296K
  class space    used 4385K, capacity 4726K, committed 4736K, reserved 1048576K
}

