# JRE version: Java(TM) SE Runtime Environment (8.0_74-b02) (build 1.8.0_74-b02)
# Java VM: Java HotSpot(TM) 64-Bit Server VM (25.74-b02 mixed mode windows-amd64 compressed oops)
Heap:
 PSYoungGen      total 122880K, used 14168K [0x00000000d5f00000, 0x00000000de700000, 0x0000000100000000)
  eden space 109568K, 12% used [0x00000000d5f00000,0x00000000d6cd6118,0x00000000dca00000)
  from space 13312K, 0% used [0x00000000dcd00000,0x00000000dcd00000,0x00000000dda00000)
  to   space 4096K, 0% used [0x00000000de300000,0x00000000de300000,0x00000000de700000)
 ParOldGen       total 103936K, used 32142K [0x0000000081c00000, 0x0000000088180000, 0x00000000d5f00000)
  object space 103936K, 30% used [0x0000000081c00000,0x0000000083b639f0,0x0000000088180000)
 Metaspace       used 46743K, capacity 49404K, committed 49664K, reserved 1091584K
  class space    used 6108K, capacity 6590K, committed 6656K, reserved 1048576K
GC Heap History (10 events):
Event: 8.573 GC heap before
{Heap before GC invocations=12 (full 2):
 PSYoungGen      total 102912K, used 91648K [0x00000000d5f00000, 0x00000000def80000, 0x0000000100000000)
  eden space 91648K, 100% used [0x00000000d5f00000,0x00000000db880000,0x00000000db880000)
  from space 11264K, 0% used [0x00000000db880000,0x00000000db880000,0x00000000dc380000)
  to   space 12800K, 0% used [0x00000000de300000,0x00000000de300000,0x00000000def80000)
 ParOldGen       total 103936K, used 18521K [0x0000000081c00000, 0x0000000088180000, 0x00000000d5f00000)
  object space 103936K, 17% used [0x0000000081c00000,0x0000000082e16548,0x0000000088180000)
 Metaspace       used 38066K, capacity 40272K, committed 40320K, reserved 1083392K
  class space    used 5058K, capacity 5472K, committed 5504K, reserved 1048576K
Event: 8.579 GC heap after
Heap after GC invocations=12 (full 2):
 PSYoungGen      total 113664K, used 3627K [0x00000000d5f00000, 0x00000000de700000, 0x0000000100000000)
  eden space 109568K, 0% used [0x00000000d5f00000,0x00000000d5f00000,0x00000000dca00000)
  from space 4096K, 88% used [0x00000000de300000,0x00000000de68af10,0x00000000de700000)
  to   space 13312K, 0% used [0x00000000dcd00000,0x00000000dcd00000,0x00000000dda00000)
 ParOldGen       total 103936K, used 18593K [0x0000000081c00000, 0x0000000088180000, 0x00000000d5f00000)
  object space 103936K, 17% used [0x0000000081c00000,0x0000000082e28558,0x0000000088180000)
 Metaspace       used 38066K, capacity 40272K, committed 40320K, reserved 1083392K
  class space    used 5058K, capacity 5472K, committed 5504K, reserved 1048576K
}
Event: 9.595 GC heap before
{Heap before GC invocations=13 (full 2):
 PSYoungGen      total 113664K, used 113195K [0x00000000d5f00000, 0x00000000de700000, 0x0000000100000000)
  eden space 109568K, 100% used [0x00000000d5f00000,0x00000000dca00000,0x00000000dca00000)
  from space 4096K, 88% used [0x00000000de300000,0x00000000de68af10,0x00000000de700000)
  to   space 13312K, 0% used [0x00000000dcd00000,0x00000000dcd00000,0x00000000dda00000)
 ParOldGen       total 103936K, used 18593K [0x0000000081c00000, 0x0000000088180000, 0x00000000d5f00000)
  object space 103936K, 17% used [0x0000000081c00000,0x0000000082e28558,0x0000000088180000)
 Metaspace       used 41618K, capacity 44050K, committed 44288K, reserved 1087488K
  class space    used 5541K, capacity 6025K, committed 6144K, reserved 1048576K
Event: 9.605 GC heap after
Heap after GC invocations=13 (full 2):
 PSYoungGen      total 122880K, used 7299K [0x00000000d5f00000, 0x00000000de700000, 0x0000000100000000)
  eden space 109568K, 0% used [0x00000000d5f00000,0x00000000d5f00000,0x00000000dca00000)
  from space 13312K, 54% used [0x00000000dcd00000,0x00000000dd420ed0,0x00000000dda00000)
  to   space 4096K, 0% used [0x00000000de300000,0x00000000de300000,0x00000000de700000)
 ParOldGen       total 103936K, used 18601K [0x0000000081c00000, 0x0000000088180000, 0x00000000d5f00000)
  object space 103936K, 17% used [0x0000000081c00000,0x0000000082e2a558,0x0000000088180000)
 Metaspace       used 41618K, capacity 44050K, committed 44288K, reserved 1087488K
  class space    used 5541K, capacity 6025K, committed 6144K, reserved 1048576K
}
Event: 10.409 GC heap before
{Heap before GC invocations=14 (full 2):
 PSYoungGen      total 122880K, used 116867K [0x00000000d5f00000, 0x00000000de700000, 0x0000000100000000)
  eden space 109568K, 100% used [0x00000000d5f00000,0x00000000dca00000,0x00000000dca00000)
  from space 13312K, 54% used [0x00000000dcd00000,0x00000000dd420ed0,0x00000000dda00000)
  to   space 4096K, 0% used [0x00000000de300000,0x00000000de300000,0x00000000de700000)
 ParOldGen       total 103936K, used 18601K [0x0000000081c00000, 0x0000000088180000, 0x00000000d5f00000)
  object space 103936K, 17% used [0x0000000081c00000,0x0000000082e2a558,0x0000000088180000)
 Metaspace       used 44264K, capacity 46748K, committed 46976K, reserved 1089536K
  class space    used 5791K, capacity 6240K, committed 6272K, reserved 1048576K
Event: 10.428 GC heap after
Heap after GC invocations=14 (full 2):
 PSYoungGen      total 113664K, used 4085K [0x00000000d5f00000, 0x00000000de700000, 0x0000000100000000)
  eden space 109568K, 0% used [0x00000000d5f00000,0x00000000d5f00000,0x00000000dca00000)
  from space 4096K, 99% used [0x00000000de300000,0x00000000de6fd600,0x00000000de700000)
  to   space 13312K, 0% used [0x00000000dcd00000,0x00000000dcd00000,0x00000000dda00000)
 ParOldGen       total 103936K, used 32082K [0x0000000081c00000, 0x0000000088180000, 0x00000000d5f00000)
  object space 103936K, 30% used [0x0000000081c00000,0x0000000083b54870,0x0000000088180000)
 Metaspace       used 44264K, capacity 46748K, committed 46976K, reserved 1089536K
  class space    used 5791K, capacity 6240K, committed 6272K, reserved 1048576K
}
Event: 11.476 GC heap before
{Heap before GC invocations=15 (full 2):
 PSYoungGen      total 113664K, used 47302K [0x00000000d5f00000, 0x00000000de700000, 0x0000000100000000)
  eden space 109568K, 39% used [0x00000000d5f00000,0x00000000d8934238,0x00000000dca00000)
  from space 4096K, 99% used [0x00000000de300000,0x00000000de6fd600,0x00000000de700000)
  to   space 13312K, 0% used [0x00000000dcd00000,0x00000000dcd00000,0x00000000dda00000)
 ParOldGen       total 103936K, used 32082K [0x0000000081c00000, 0x0000000088180000, 0x00000000d5f00000)
  object space 103936K, 30% used [0x0000000081c00000,0x0000000083b54870,0x0000000088180000)
 Metaspace       used 46422K, capacity 48994K, committed 49152K, reserved 1091584K
  class space    used 6065K, capacity 6559K, committed 6656K, reserved 1048576K
Event: 11.488 GC heap after
Heap after GC invocations=15 (full 2):
 PSYoungGen      total 122880K, used 10610K [0x00000000d5f00000, 0x00000000de700000, 0x0000000100000000)
  eden space 109568K, 0% used [0x00000000d5f00000,0x00000000d5f00000,0x00000000dca00000)
  from space 13312K, 79% used [0x00000000dcd00000,0x00000000dd75cbf8,0x00000000dda00000)
  to   space 4096K, 0% used [0x00000000de300000,0x00000000de300000,0x00000000de700000)
 ParOldGen       total 103936K, used 32090K [0x0000000081c00000, 0x0000000088180000, 0x00000000d5f00000)
  object space 103936K, 30% used [0x0000000081c00000,0x0000000083b56870,0x0000000088180000)
 Metaspace       used 46422K, capacity 48994K, committed 49152K, reserved 1091584K
  class space    used 6065K, capacity 6559K, committed 6656K, reserved 1048576K
}
Event: 11.488 GC heap before
{Heap before GC invocations=16 (full 3):
 PSYoungGen      total 122880K, used 10610K [0x00000000d5f00000, 0x00000000de700000, 0x0000000100000000)
  eden space 109568K, 0% used [0x00000000d5f00000,0x00000000d5f00000,0x00000000dca00000)
  from space 13312K, 79% used [0x00000000dcd00000,0x00000000dd75cbf8,0x00000000dda00000)
  to   space 4096K, 0% used [0x00000000de300000,0x00000000de300000,0x00000000de700000)
 ParOldGen       total 103936K, used 32090K [0x0000000081c00000, 0x0000000088180000, 0x00000000d5f00000)
  object space 103936K, 30% used [0x0000000081c00000,0x0000000083b56870,0x0000000088180000)
 Metaspace       used 46422K, capacity 48994K, committed 49152K, reserved 1091584K
  class space    used 6065K, capacity 6559K, committed 6656K, reserved 1048576K
Event: 11.756 GC heap after
Heap after GC invocations=16 (full 3):
 PSYoungGen      total 122880K, used 0K [0x00000000d5f00000, 0x00000000de700000, 0x0000000100000000)
  eden space 109568K, 0% used [0x00000000d5f00000,0x00000000d5f00000,0x00000000dca00000)
  from space 13312K, 0% used [0x00000000dcd00000,0x00000000dcd00000,0x00000000dda00000)
  to   space 4096K, 0% used [0x00000000de300000,0x00000000de300000,0x00000000de700000)
 ParOldGen       total 103936K, used 32142K [0x0000000081c00000, 0x0000000088180000, 0x00000000d5f00000)
  object space 103936K, 30% used [0x0000000081c00000,0x0000000083b639f0,0x0000000088180000)
 Metaspace       used 46421K, capacity 48988K, committed 49152K, reserved 1091584K
  class space    used 6064K, capacity 6558K, committed 6656K, reserved 1048576K
}

