# JRE version: Java(TM) SE Runtime Environment (8.0_74-b02) (build 1.8.0_74-b02)
# Java VM: Java HotSpot(TM) 64-Bit Server VM (25.74-b02 mixed mode windows-amd64 compressed oops)
Heap:
 PSYoungGen      total 452096K, used 153684K [0x00000000d5f00000, 0x00000000f3f00000, 0x0000000100000000)
  eden space 435200K, 31% used [0x00000000d5f00000,0x00000000de49b8c8,0x00000000f0800000)
  from space 16896K, 99% used [0x00000000f2e80000,0x00000000f3ef9818,0x00000000f3f00000)
  to   space 19456K, 0% used [0x00000000f1900000,0x00000000f1900000,0x00000000f2c00000)
 ParOldGen       total 67584K, used 16147K [0x0000000081c00000, 0x0000000085e00000, 0x00000000d5f00000)
  object space 67584K, 23% used [0x0000000081c00000,0x0000000082bc4ef8,0x0000000085e00000)
 Metaspace       used 50903K, capacity 53811K, committed 53976K, reserved 1095680K
  class space    used 6579K, capacity 7068K, committed 7168K, reserved 1048576K
GC Heap History (10 events):
Event: 5.971 GC heap before
{Heap before GC invocations=6 (full 1):
 PSYoungGen      total 138240K, used 133120K [0x00000000d5f00000, 0x00000000deb00000, 0x0000000100000000)
  eden space 133120K, 100% used [0x00000000d5f00000,0x00000000de100000,0x00000000de100000)
  from space 5120K, 0% used [0x00000000de600000,0x00000000de600000,0x00000000deb00000)
  to   space 5120K, 0% used [0x00000000de100000,0x00000000de100000,0x00000000de600000)
 ParOldGen       total 48640K, used 5426K [0x0000000081c00000, 0x0000000084b80000, 0x00000000d5f00000)
  object space 48640K, 11% used [0x0000000081c00000,0x000000008214c900,0x0000000084b80000)
 Metaspace       used 24001K, capacity 25228K, committed 25344K, reserved 1071104K
  class space    used 3044K, capacity 3292K, committed 3328K, reserved 1048576K
Event: 6.005 GC heap after
Heap after GC invocations=6 (full 1):
 PSYoungGen      total 138240K, used 5088K [0x00000000d5f00000, 0x00000000e6a00000, 0x0000000100000000)
  eden space 133120K, 0% used [0x00000000d5f00000,0x00000000d5f00000,0x00000000de100000)
  from space 5120K, 99% used [0x00000000de100000,0x00000000de5f8020,0x00000000de600000)
  to   space 13312K, 0% used [0x00000000e5d00000,0x00000000e5d00000,0x00000000e6a00000)
 ParOldGen       total 48640K, used 12037K [0x0000000081c00000, 0x0000000084b80000, 0x00000000d5f00000)
  object space 48640K, 24% used [0x0000000081c00000,0x00000000827c1490,0x0000000084b80000)
 Metaspace       used 24001K, capacity 25228K, committed 25344K, reserved 1071104K
  class space    used 3044K, capacity 3292K, committed 3328K, reserved 1048576K
}
Event: 8.416 GC heap before
{Heap before GC invocations=7 (full 1):
 PSYoungGen      total 138240K, used 138208K [0x00000000d5f00000, 0x00000000e6a00000, 0x0000000100000000)
  eden space 133120K, 100% used [0x00000000d5f00000,0x00000000de100000,0x00000000de100000)
  from space 5120K, 99% used [0x00000000de100000,0x00000000de5f8020,0x00000000de600000)
  to   space 13312K, 0% used [0x00000000e5d00000,0x00000000e5d00000,0x00000000e6a00000)
 ParOldGen       total 48640K, used 12037K [0x0000000081c00000, 0x0000000084b80000, 0x00000000d5f00000)
  object space 48640K, 24% used [0x0000000081c00000,0x00000000827c1490,0x0000000084b80000)
 Metaspace       used 31352K, capacity 33138K, committed 33408K, reserved 1079296K
  class space    used 4079K, capacity 4407K, committed 4480K, reserved 1048576K
Event: 8.472 GC heap after
Heap after GC invocations=7 (full 1):
 PSYoungGen      total 257024K, used 13280K [0x00000000d5f00000, 0x00000000e6d80000, 0x0000000100000000)
  eden space 243712K, 0% used [0x00000000d5f00000,0x00000000d5f00000,0x00000000e4d00000)
  from space 13312K, 99% used [0x00000000e5d00000,0x00000000e69f80c8,0x00000000e6a00000)
  to   space 16384K, 0% used [0x00000000e4d00000,0x00000000e4d00000,0x00000000e5d00000)
 ParOldGen       total 48640K, used 13799K [0x0000000081c00000, 0x0000000084b80000, 0x00000000d5f00000)
  object space 48640K, 28% used [0x0000000081c00000,0x0000000082979fa8,0x0000000084b80000)
 Metaspace       used 31352K, capacity 33138K, committed 33408K, reserved 1079296K
  class space    used 4079K, capacity 4407K, committed 4480K, reserved 1048576K
}
Event: 9.211 GC heap before
{Heap before GC invocations=8 (full 1):
 PSYoungGen      total 257024K, used 53819K [0x00000000d5f00000, 0x00000000e6d80000, 0x0000000100000000)
  eden space 243712K, 16% used [0x00000000d5f00000,0x00000000d8696c68,0x00000000e4d00000)
  from space 13312K, 99% used [0x00000000e5d00000,0x00000000e69f80c8,0x00000000e6a00000)
  to   space 16384K, 0% used [0x00000000e4d00000,0x00000000e4d00000,0x00000000e5d00000)
 ParOldGen       total 48640K, used 13799K [0x0000000081c00000, 0x0000000084b80000, 0x00000000d5f00000)
  object space 48640K, 28% used [0x0000000081c00000,0x0000000082979fa8,0x0000000084b80000)
 Metaspace       used 33292K, capacity 35357K, committed 35416K, reserved 1079296K
  class space    used 4373K, capacity 4736K, committed 4736K, reserved 1048576K
Event: 9.304 GC heap after
Heap after GC invocations=8 (full 1):
 PSYoungGen      total 260096K, used 11248K [0x00000000d5f00000, 0x00000000f3f00000, 0x0000000100000000)
  eden space 243712K, 0% used [0x00000000d5f00000,0x00000000d5f00000,0x00000000e4d00000)
  from space 16384K, 68% used [0x00000000e4d00000,0x00000000e57fc340,0x00000000e5d00000)
  to   space 16896K, 0% used [0x00000000f2e80000,0x00000000f2e80000,0x00000000f3f00000)
 ParOldGen       total 48640K, used 13807K [0x0000000081c00000, 0x0000000084b80000, 0x00000000d5f00000)
  object space 48640K, 28% used [0x0000000081c00000,0x000000008297bfa8,0x0000000084b80000)
 Metaspace       used 33292K, capacity 35357K, committed 35416K, reserved 1079296K
  class space    used 4373K, capacity 4736K, committed 4736K, reserved 1048576K
}
Event: 9.304 GC heap before
{Heap before GC invocations=9 (full 2):
 PSYoungGen      total 260096K, used 11248K [0x00000000d5f00000, 0x00000000f3f00000, 0x0000000100000000)
  eden space 243712K, 0% used [0x00000000d5f00000,0x00000000d5f00000,0x00000000e4d00000)
  from space 16384K, 68% used [0x00000000e4d00000,0x00000000e57fc340,0x00000000e5d00000)
  to   space 16896K, 0% used [0x00000000f2e80000,0x00000000f2e80000,0x00000000f3f00000)
 ParOldGen       total 48640K, used 13807K [0x0000000081c00000, 0x0000000084b80000, 0x00000000d5f00000)
  object space 48640K, 28% used [0x0000000081c00000,0x000000008297bfa8,0x0000000084b80000)
 Metaspace       used 33292K, capacity 35357K, committed 35416K, reserved 1079296K
  class space    used 4373K, capacity 4736K, committed 4736K, reserved 1048576K
Event: 9.396 GC heap after
Heap after GC invocations=9 (full 2):
 PSYoungGen      total 260096K, used 0K [0x00000000d5f00000, 0x00000000f3f00000, 0x0000000100000000)
  eden space 243712K, 0% used [0x00000000d5f00000,0x00000000d5f00000,0x00000000e4d00000)
  from space 16384K, 0% used [0x00000000e4d00000,0x00000000e4d00000,0x00000000e5d00000)
  to   space 16896K, 0% used [0x00000000f2e80000,0x00000000f2e80000,0x00000000f3f00000)
 ParOldGen       total 67584K, used 15271K [0x0000000081c00000, 0x0000000085e00000, 0x00000000d5f00000)
  object space 67584K, 22% used [0x0000000081c00000,0x0000000082ae9ef8,0x0000000085e00000)
 Metaspace       used 33292K, capacity 35357K, committed 35416K, reserved 1079296K
  class space    used 4373K, capacity 4736K, committed 4736K, reserved 1048576K
}
Event: 14.179 GC heap before
{Heap before GC invocations=10 (full 2):
 PSYoungGen      total 260096K, used 243712K [0x00000000d5f00000, 0x00000000f3f00000, 0x0000000100000000)
  eden space 243712K, 100% used [0x00000000d5f00000,0x00000000e4d00000,0x00000000e4d00000)
  from space 16384K, 0% used [0x00000000e4d00000,0x00000000e4d00000,0x00000000e5d00000)
  to   space 16896K, 0% used [0x00000000f2e80000,0x00000000f2e80000,0x00000000f3f00000)
 ParOldGen       total 67584K, used 15271K [0x0000000081c00000, 0x0000000085e00000, 0x00000000d5f00000)
  object space 67584K, 22% used [0x0000000081c00000,0x0000000082ae9ef8,0x0000000085e00000)
 Metaspace       used 47641K, capacity 50407K, committed 50776K, reserved 1093632K
  class space    used 6207K, capacity 6682K, committed 6784K, reserved 1048576K
Event: 14.278 GC heap after
Heap after GC invocations=10 (full 2):
 PSYoungGen      total 452096K, used 16870K [0x00000000d5f00000, 0x00000000f3f00000, 0x0000000100000000)
  eden space 435200K, 0% used [0x00000000d5f00000,0x00000000d5f00000,0x00000000f0800000)
  from space 16896K, 99% used [0x00000000f2e80000,0x00000000f3ef9818,0x00000000f3f00000)
  to   space 19456K, 0% used [0x00000000f1900000,0x00000000f1900000,0x00000000f2c00000)
 ParOldGen       total 67584K, used 16147K [0x0000000081c00000, 0x0000000085e00000, 0x00000000d5f00000)
  object space 67584K, 23% used [0x0000000081c00000,0x0000000082bc4ef8,0x0000000085e00000)
 Metaspace       used 47641K, capacity 50407K, committed 50776K, reserved 1093632K
  class space    used 6207K, capacity 6682K, committed 6784K, reserved 1048576K
}

