# JRE version: Java(TM) SE Runtime Environment (8.0_74-b02) (build 1.8.0_74-b02)
# Java VM: Java HotSpot(TM) 64-Bit Server VM (25.74-b02 mixed mode windows-amd64 compressed oops)
Heap:
 PSYoungGen      total 304640K, used 20146K [0x00000000d5f00000, 0x00000000ea180000, 0x0000000100000000)
  eden space 287744K, 7% used [0x00000000d5f00000,0x00000000d72acaa8,0x00000000e7800000)
  from space 16896K, 0% used [0x00000000e9100000,0x00000000e9100000,0x00000000ea180000)
  to   space 19456K, 0% used [0x00000000e7b80000,0x00000000e7b80000,0x00000000e8e80000)
 ParOldGen       total 98816K, used 30049K [0x0000000081c00000, 0x0000000087c80000, 0x00000000d5f00000)
  object space 98816K, 30% used [0x0000000081c00000,0x00000000839586c8,0x0000000087c80000)
 Metaspace       used 56540K, capacity 60000K, committed 60308K, reserved 1101824K
  class space    used 7414K, capacity 7998K, committed 8124K, reserved 1048576K
GC Heap History (10 events):
Event: 10.684 GC heap before
{Heap before GC invocations=9 (full 1):
 PSYoungGen      total 140288K, used 124792K [0x00000000d5f00000, 0x00000000e4a00000, 0x0000000100000000)
  eden space 132096K, 88% used [0x00000000d5f00000,0x00000000dd0df9a0,0x00000000de000000)
  from space 8192K, 99% used [0x00000000de000000,0x00000000de7fe778,0x00000000de800000)
  to   space 11264K, 0% used [0x00000000e3f00000,0x00000000e3f00000,0x00000000e4a00000)
 ParOldGen       total 47616K, used 9660K [0x0000000081c00000, 0x0000000084a80000, 0x00000000d5f00000)
  object space 47616K, 20% used [0x0000000081c00000,0x000000008256f068,0x0000000084a80000)
 Metaspace       used 33342K, capacity 35368K, committed 35416K, reserved 1079296K
  class space    used 4376K, capacity 4736K, committed 4736K, reserved 1048576K
Event: 10.730 GC heap after
Heap after GC invocations=9 (full 1):
 PSYoungGen      total 226816K, used 11241K [0x00000000d5f00000, 0x00000000e5d80000, 0x0000000100000000)
  eden space 215552K, 0% used [0x00000000d5f00000,0x00000000d5f00000,0x00000000e3180000)
  from space 11264K, 99% used [0x00000000e3f00000,0x00000000e49fa7d0,0x00000000e4a00000)
  to   space 13824K, 0% used [0x00000000e3180000,0x00000000e3180000,0x00000000e3f00000)
 ParOldGen       total 47616K, used 12818K [0x0000000081c00000, 0x0000000084a80000, 0x00000000d5f00000)
  object space 47616K, 26% used [0x0000000081c00000,0x0000000082884970,0x0000000084a80000)
 Metaspace       used 33342K, capacity 35368K, committed 35416K, reserved 1079296K
  class space    used 4376K, capacity 4736K, committed 4736K, reserved 1048576K
}
Event: 10.730 GC heap before
{Heap before GC invocations=10 (full 2):
 PSYoungGen      total 226816K, used 11241K [0x00000000d5f00000, 0x00000000e5d80000, 0x0000000100000000)
  eden space 215552K, 0% used [0x00000000d5f00000,0x00000000d5f00000,0x00000000e3180000)
  from space 11264K, 99% used [0x00000000e3f00000,0x00000000e49fa7d0,0x00000000e4a00000)
  to   space 13824K, 0% used [0x00000000e3180000,0x00000000e3180000,0x00000000e3f00000)
 ParOldGen       total 47616K, used 12818K [0x0000000081c00000, 0x0000000084a80000, 0x00000000d5f00000)
  object space 47616K, 26% used [0x0000000081c00000,0x0000000082884970,0x0000000084a80000)
 Metaspace       used 33342K, capacity 35368K, committed 35416K, reserved 1079296K
  class space    used 4376K, capacity 4736K, committed 4736K, reserved 1048576K
Event: 10.867 GC heap after
Heap after GC invocations=10 (full 2):
 PSYoungGen      total 226816K, used 0K [0x00000000d5f00000, 0x00000000e5d80000, 0x0000000100000000)
  eden space 215552K, 0% used [0x00000000d5f00000,0x00000000d5f00000,0x00000000e3180000)
  from space 11264K, 0% used [0x00000000e3f00000,0x00000000e3f00000,0x00000000e4a00000)
  to   space 13824K, 0% used [0x00000000e3180000,0x00000000e3180000,0x00000000e3f00000)
 ParOldGen       total 75264K, used 18225K [0x0000000081c00000, 0x0000000086580000, 0x00000000d5f00000)
  object space 75264K, 24% used [0x0000000081c00000,0x0000000082dcc450,0x0000000086580000)
 Metaspace       used 33342K, capacity 35368K, committed 35416K, reserved 1079296K
  class space    used 4376K, capacity 4736K, committed 4736K, reserved 1048576K
}
Event: 15.582 GC heap before
{Heap before GC invocations=11 (full 2):
 PSYoungGen      total 226816K, used 215552K [0x00000000d5f00000, 0x00000000e5d80000, 0x0000000100000000)
  eden space 215552K, 100% used [0x00000000d5f00000,0x00000000e3180000,0x00000000e3180000)
  from space 11264K, 0% used [0x00000000e3f00000,0x00000000e3f00000,0x00000000e4a00000)
  to   space 13824K, 0% used [0x00000000e3180000,0x00000000e3180000,0x00000000e3f00000)
 ParOldGen       total 75264K, used 18225K [0x0000000081c00000, 0x0000000086580000, 0x00000000d5f00000)
  object space 75264K, 24% used [0x0000000081c00000,0x0000000082dcc450,0x0000000086580000)
 Metaspace       used 46842K, capacity 49696K, committed 49880K, reserved 1093632K
  class space    used 6081K, capacity 6552K, committed 6656K, reserved 1048576K
Event: 15.632 GC heap after
Heap after GC invocations=11 (full 2):
 PSYoungGen      total 229376K, used 13813K [0x00000000d5f00000, 0x00000000ea180000, 0x0000000100000000)
  eden space 215552K, 0% used [0x00000000d5f00000,0x00000000d5f00000,0x00000000e3180000)
  from space 13824K, 99% used [0x00000000e3180000,0x00000000e3efd470,0x00000000e3f00000)
  to   space 16896K, 0% used [0x00000000e9100000,0x00000000e9100000,0x00000000ea180000)
 ParOldGen       total 75264K, used 20958K [0x0000000081c00000, 0x0000000086580000, 0x00000000d5f00000)
  object space 75264K, 27% used [0x0000000081c00000,0x0000000083077908,0x0000000086580000)
 Metaspace       used 46842K, capacity 49696K, committed 49880K, reserved 1093632K
  class space    used 6081K, capacity 6552K, committed 6656K, reserved 1048576K
}
Event: 349.856 GC heap before
{Heap before GC invocations=12 (full 2):
 PSYoungGen      total 229376K, used 162774K [0x00000000d5f00000, 0x00000000ea180000, 0x0000000100000000)
  eden space 215552K, 69% used [0x00000000d5f00000,0x00000000df078528,0x00000000e3180000)
  from space 13824K, 99% used [0x00000000e3180000,0x00000000e3efd470,0x00000000e3f00000)
  to   space 16896K, 0% used [0x00000000e9100000,0x00000000e9100000,0x00000000ea180000)
 ParOldGen       total 75264K, used 20958K [0x0000000081c00000, 0x0000000086580000, 0x00000000d5f00000)
  object space 75264K, 27% used [0x0000000081c00000,0x0000000083077908,0x0000000086580000)
 Metaspace       used 55933K, capacity 58946K, committed 59028K, reserved 1099776K
  class space    used 7296K, capacity 7833K, committed 7868K, reserved 1048576K
Event: 349.943 GC heap after
Heap after GC invocations=12 (full 2):
 PSYoungGen      total 304640K, used 16885K [0x00000000d5f00000, 0x00000000ea180000, 0x0000000100000000)
  eden space 287744K, 0% used [0x00000000d5f00000,0x00000000d5f00000,0x00000000e7800000)
  from space 16896K, 99% used [0x00000000e9100000,0x00000000ea17d588,0x00000000ea180000)
  to   space 19456K, 0% used [0x00000000e7b80000,0x00000000e7b80000,0x00000000e8e80000)
 ParOldGen       total 75264K, used 22564K [0x0000000081c00000, 0x0000000086580000, 0x00000000d5f00000)
  object space 75264K, 29% used [0x0000000081c00000,0x00000000832090c0,0x0000000086580000)
 Metaspace       used 55933K, capacity 58946K, committed 59028K, reserved 1099776K
  class space    used 7296K, capacity 7833K, committed 7868K, reserved 1048576K
}
Event: 349.943 GC heap before
{Heap before GC invocations=13 (full 3):
 PSYoungGen      total 304640K, used 16885K [0x00000000d5f00000, 0x00000000ea180000, 0x0000000100000000)
  eden space 287744K, 0% used [0x00000000d5f00000,0x00000000d5f00000,0x00000000e7800000)
  from space 16896K, 99% used [0x00000000e9100000,0x00000000ea17d588,0x00000000ea180000)
  to   space 19456K, 0% used [0x00000000e7b80000,0x00000000e7b80000,0x00000000e8e80000)
 ParOldGen       total 75264K, used 22564K [0x0000000081c00000, 0x0000000086580000, 0x00000000d5f00000)
  object space 75264K, 29% used [0x0000000081c00000,0x00000000832090c0,0x0000000086580000)
 Metaspace       used 55933K, capacity 58946K, committed 59028K, reserved 1099776K
  class space    used 7296K, capacity 7833K, committed 7868K, reserved 1048576K
Event: 350.241 GC heap after
Heap after GC invocations=13 (full 3):
 PSYoungGen      total 304640K, used 0K [0x00000000d5f00000, 0x00000000ea180000, 0x0000000100000000)
  eden space 287744K, 0% used [0x00000000d5f00000,0x00000000d5f00000,0x00000000e7800000)
  from space 16896K, 0% used [0x00000000e9100000,0x00000000e9100000,0x00000000ea180000)
  to   space 19456K, 0% used [0x00000000e7b80000,0x00000000e7b80000,0x00000000e8e80000)
 ParOldGen       total 98816K, used 30049K [0x0000000081c00000, 0x0000000087c80000, 0x00000000d5f00000)
  object space 98816K, 30% used [0x0000000081c00000,0x00000000839586c8,0x0000000087c80000)
 Metaspace       used 55933K, capacity 58946K, committed 59028K, reserved 1099776K
  class space    used 7296K, capacity 7833K, committed 7868K, reserved 1048576K
}

